<?xml version="1.0" encoding="UTF-8"?>
<testng-results skipped="0" failed="0" ignored="0" total="3" passed="3">
  <reporter-output>
  </reporter-output>
  <suite name="Default suite" duration-ms="33184" started-at="2021-11-09T12:45:57 IST" finished-at="2021-11-09T12:46:30 IST">
    <groups>
      <group name="cucumber">
        <method signature="AbstractTestNGCucumberTests.runScenario(io.cucumber.testng.PickleWrapper, io.cucumber.testng.FeatureWrapper)[pri:0, instance:com.mindtree.runner.TestRunner@3b088d51]" name="runScenario" class="io.cucumber.testng.AbstractTestNGCucumberTests"/>
      </group> <!-- cucumber -->
    </groups>
    <test name="Default test" duration-ms="33184" started-at="2021-11-09T12:45:57 IST" finished-at="2021-11-09T12:46:30 IST">
      <class name="com.mindtree.runner.TestRunner">
        <test-method status="PASS" signature="setUpClass(org.testng.ITestContext)[pri:0, instance:com.mindtree.runner.TestRunner@3b088d51]" name="setUpClass" is-config="true" duration-ms="474" started-at="2021-11-09T12:45:57 IST" finished-at="2021-11-09T12:45:57 IST">
          <params>
            <param index="0">
              <value>
                <![CDATA[org.testng.TestRunner@ae372b9]]>
              </value>
            </param>
          </params>
          <reporter-output>
          </reporter-output>
        </test-method> <!-- setUpClass -->
        <test-method status="PASS" signature="runScenario(io.cucumber.testng.PickleWrapper, io.cucumber.testng.FeatureWrapper)[pri:0, instance:com.mindtree.runner.TestRunner@3b088d51]" name="runScenario" duration-ms="16309" started-at="2021-11-09T12:45:57 IST" description="Runs Cucumber Scenarios" data-provider="scenarios" finished-at="2021-11-09T12:46:14 IST">
          <params>
            <param index="0">
              <value>
                <![CDATA["TideStore PowderText Check"]]>
              </value>
            </param>
            <param index="1">
              <value>
                <![CDATA["Optional[TideStore Automation]"]]>
              </value>
            </param>
          </params>
          <reporter-output>
          </reporter-output>
        </test-method> <!-- runScenario -->
        <test-method status="PASS" signature="runScenario(io.cucumber.testng.PickleWrapper, io.cucumber.testng.FeatureWrapper)[pri:0, instance:com.mindtree.runner.TestRunner@3b088d51]" name="runScenario" duration-ms="10481" started-at="2021-11-09T12:46:14 IST" description="Runs Cucumber Scenarios" data-provider="scenarios" finished-at="2021-11-09T12:46:24 IST">
          <params>
            <param index="0">
              <value>
                <![CDATA["TideStore AntiBacterialText Check"]]>
              </value>
            </param>
            <param index="1">
              <value>
                <![CDATA["Optional[TideStore Automation]"]]>
              </value>
            </param>
          </params>
          <reporter-output>
          </reporter-output>
        </test-method> <!-- runScenario -->
        <test-method status="PASS" signature="runScenario(io.cucumber.testng.PickleWrapper, io.cucumber.testng.FeatureWrapper)[pri:0, instance:com.mindtree.runner.TestRunner@3b088d51]" name="runScenario" duration-ms="5833" started-at="2021-11-09T12:46:24 IST" description="Runs Cucumber Scenarios" data-provider="scenarios" finished-at="2021-11-09T12:46:30 IST">
          <params>
            <param index="0">
              <value>
                <![CDATA["TideStore LandryText Check"]]>
              </value>
            </param>
            <param index="1">
              <value>
                <![CDATA["Optional[TideStore Automation]"]]>
              </value>
            </param>
          </params>
          <reporter-output>
          </reporter-output>
        </test-method> <!-- runScenario -->
        <test-method status="PASS" signature="tearDownClass()[pri:0, instance:com.mindtree.runner.TestRunner@3b088d51]" name="tearDownClass" is-config="true" duration-ms="4" started-at="2021-11-09T12:46:30 IST" finished-at="2021-11-09T12:46:30 IST">
          <reporter-output>
          </reporter-output>
        </test-method> <!-- tearDownClass -->
      </class> <!-- com.mindtree.runner.TestRunner -->
    </test> <!-- Default test -->
  </suite> <!-- Default suite -->
</testng-results>
